<?xml version="1.0" encoding="UTF-8"?>
<!-- Generated by org.testng.reporters.JUnitReportReporter -->
<testsuite hostname="DESKTOP-C37CO4J" failures="0" tests="2" name="TestNGPrograms.Day7Param" time="0.021" errors="0" timestamp="2022-12-27T16:15:36 IST" skipped="0">
  <testcase classname="TestNGPrograms.Day7Param" name="Diff" time="0.019"/>
  <system-out/>
  <testcase classname="TestNGPrograms.Day7Param" name="Sum" time="0.002"/>
  <system-out/>
</testsuite> <!-- TestNGPrograms.Day7Param -->
