<?xml version="1.0" encoding="UTF-8"?>
<!-- Generated by org.testng.reporters.JUnitReportReporter -->
<testsuite hostname="DESKTOP-C37CO4J" failures="0" tests="3" name="TestNGPrograms.Day9CrossBrowserTest" time="6.775" errors="0" timestamp="2022-12-30T21:43:24 IST" skipped="0">
  <testcase classname="TestNGPrograms.Day9CrossBrowserTest" name="FBlogin" time="0.504"/>
  <system-out/>
  <testcase classname="TestNGPrograms.Day9CrossBrowserTest" name="FBlogin" time="5.569"/>
  <system-out/>
  <testcase classname="TestNGPrograms.Day9CrossBrowserTest" name="FBlogin" time="0.702"/>
  <system-out/>
</testsuite> <!-- TestNGPrograms.Day9CrossBrowserTest -->
