<?xml version="1.0" encoding="UTF-8"?>
<!-- Generated by org.testng.reporters.JUnitReportReporter -->
<testsuite hostname="DESKTOP-C37CO4J" failures="0" tests="2" name="TestNGPrograms.Day1Second" time="17.193" errors="0" timestamp="2022-12-21T06:45:14 IST" skipped="0">
  <testcase classname="TestNGPrograms.Day1Second" name="loginTest" time="0.478"/>
  <system-out/>
  <testcase classname="TestNGPrograms.Day1Second" name="launchTest" time="16.715"/>
  <system-out/>
</testsuite> <!-- TestNGPrograms.Day1Second -->
