<?xml version="1.0" encoding="UTF-8"?>
<!-- Generated by org.testng.reporters.JUnitReportReporter -->
<testsuite hostname="DESKTOP-C37CO4J" failures="0" tests="3" name="TestNGPrograms.Day6AssertTest" time="24.371" errors="0" timestamp="2022-12-26T18:11:52 IST" skipped="0">
  <testcase classname="TestNGPrograms.Day6AssertTest" name="openBrowser" time="24.163"/>
  <system-out/>
  <testcase classname="TestNGPrograms.Day6AssertTest" name="checkTitle" time="0.042"/>
  <system-out/>
  <testcase classname="TestNGPrograms.Day6AssertTest" name="checkLogo" time="0.166"/>
  <system-out/>
</testsuite> <!-- TestNGPrograms.Day6AssertTest -->
