<?xml version="1.0" encoding="UTF-8"?>
<!-- Generated by org.testng.reporters.JUnitReportReporter -->
<testsuite hostname="DESKTOP-C37CO4J" failures="0" tests="10" name="TestNGPrograms.Day11Parallelilistenertest" time="37.757" errors="0" timestamp="2023-01-03T16:56:36 IST" skipped="4">
  <testcase classname="TestNGPrograms.Day11Parallelilistenertest" name="skipTest" time="0.002">
    <skipped/>
  </testcase> <!-- skipTest -->
  <system-out/>
  <testcase classname="TestNGPrograms.Day11Parallelilistenertest" name="AccountTest" time="0.018"/>
  <system-out/>
  <testcase classname="TestNGPrograms.Day11Parallelilistenertest" name="AccountTest1" time="0.002">
    <skipped/>
  </testcase> <!-- AccountTest1 -->
  <system-out/>
  <testcase classname="TestNGPrograms.Day11Parallelilistenertest" name="AccountTest1" time="0.004">
    <skipped/>
  </testcase> <!-- AccountTest1 -->
  <system-out/>
  <testcase classname="TestNGPrograms.Day11Parallelilistenertest" name="AccountTest" time="0.003"/>
  <system-out/>
  <testcase classname="TestNGPrograms.Day11Parallelilistenertest" name="ChromeTest" time="11.909"/>
  <system-out/>
  <testcase classname="TestNGPrograms.Day11Parallelilistenertest" name="AccountTest1" time="0.006">
    <skipped/>
  </testcase> <!-- AccountTest1 -->
  <system-out/>
  <testcase classname="TestNGPrograms.Day11Parallelilistenertest" name="AccountTest" time="0.002"/>
  <system-out/>
  <testcase classname="TestNGPrograms.Day11Parallelilistenertest" name="FireFoxTest" time="12.585"/>
  <system-out/>
  <testcase classname="TestNGPrograms.Day11Parallelilistenertest" name="EdgeTest" time="13.226"/>
  <system-out/>
</testsuite> <!-- TestNGPrograms.Day11Parallelilistenertest -->
