<?xml version="1.0" encoding="UTF-8"?>
<!-- Generated by org.testng.reporters.JUnitReportReporter -->
<testsuite hostname="DESKTOP-C37CO4J" failures="0" tests="2" name="TestNGPrograms.Day5ChildTest" time="4.865" errors="0" timestamp="2022-12-25T22:32:28 IST" skipped="0">
  <testcase classname="TestNGPrograms.Day5ChildTest" name="Login" time="0.005"/>
  <system-out/>
  <testcase classname="TestNGPrograms.Day5ChildTest" name="openBrowser" time="4.860"/>
  <system-out/>
</testsuite> <!-- TestNGPrograms.Day5ChildTest -->
