<?xml version="1.0" encoding="UTF-8"?>
<!-- Generated by org.testng.reporters.JUnitReportReporter -->
<testsuite hostname="DESKTOP-C37CO4J" failures="0" tests="1" name="TestNGPrograms.Day10ChromeTest" time="62.466" errors="0" timestamp="2022-12-30T22:30:23 IST" skipped="0">
  <testcase classname="TestNGPrograms.Day10ChromeTest" name="ChromeTest" time="62.466"/>
  <system-out/>
</testsuite> <!-- TestNGPrograms.Day10ChromeTest -->
