<?xml version="1.0" encoding="UTF-8"?>
<!-- Generated by org.testng.reporters.JUnitReportReporter -->
<testsuite hostname="DESKTOP-C37CO4J" failures="0" tests="1" name="TestNGPrograms.Day10EdgeTest" time="72.163" errors="0" timestamp="2022-12-30T22:30:23 IST" skipped="0">
  <testcase classname="TestNGPrograms.Day10EdgeTest" name="EdgeTest" time="72.163"/>
  <system-out/>
</testsuite> <!-- TestNGPrograms.Day10EdgeTest -->
