<?xml version="1.0" encoding="UTF-8"?>
<!-- Generated by org.testng.reporters.JUnitReportReporter -->
<testsuite hostname="DESKTOP-C37CO4J" failures="0" tests="3" name="TestNGPrograms.Day5DependentTest" time="2.539" errors="0" timestamp="2022-12-24T16:33:41 IST" skipped="0">
  <testcase classname="TestNGPrograms.Day5DependentTest" name="viewAcc" time="0.003"/>
  <system-out/>
  <testcase classname="TestNGPrograms.Day5DependentTest" name="openBrowser" time="2.532"/>
  <system-out/>
  <testcase classname="TestNGPrograms.Day5DependentTest" name="SignIn" time="0.004"/>
  <system-out/>
</testsuite> <!-- TestNGPrograms.Day5DependentTest -->
