<?xml version="1.0" encoding="UTF-8"?>
<!-- Generated by org.testng.reporters.JUnitReportReporter -->
<testsuite hostname="DESKTOP-C37CO4J" failures="0" tests="1" name="TestNGPrograms.Day2Second" time="6.938" errors="0" timestamp="2022-12-21T00:03:20 IST" skipped="0">
  <testcase classname="TestNGPrograms.Day2Second" name="launchTest" time="6.938"/>
  <system-out/>
</testsuite> <!-- TestNGPrograms.Day2Second -->
