<?xml version="1.0" encoding="UTF-8"?>
<!-- Generated by org.testng.reporters.JUnitReportReporter -->
<testsuite hostname="DESKTOP-C37CO4J" failures="0" tests="3" name="TestNGPrograms.Day2NewTest" time="0.034" errors="0" timestamp="2022-12-21T23:14:39 IST" skipped="0">
  <testcase classname="TestNGPrograms.Day2NewTest" name="Second" time="0.027"/>
  <system-out/>
  <testcase classname="TestNGPrograms.Day2NewTest" name="first" time="0.004"/>
  <system-out/>
  <testcase classname="TestNGPrograms.Day2NewTest" name="third" time="0.003"/>
  <system-out/>
</testsuite> <!-- TestNGPrograms.Day2NewTest -->
