<?xml version="1.0" encoding="UTF-8"?>
<!-- Generated by org.testng.reporters.JUnitReportReporter -->
<testsuite hostname="DESKTOP-C37CO4J" failures="0" tests="4" name="TestNGPrograms.Day8DPTest" time="81.119" errors="0" timestamp="2022-12-30T22:08:34 IST" skipped="0">
  <testcase classname="TestNGPrograms.Day8DPTest" name="FaceBookLogin" time="64.526"/>
  <system-out>
    <![CDATA[Successfully Enter username and password and click on login button]]>
  </system-out>
  <testcase classname="TestNGPrograms.Day8DPTest" name="FaceBookLogin" time="7.736"/>
  <system-out>
    <![CDATA[Successfully Enter username and password and click on login button]]>
  </system-out>
  <testcase classname="TestNGPrograms.Day8DPTest" name="FaceBookLogin" time="4.270"/>
  <system-out>
    <![CDATA[Successfully Enter username and password and click on login button]]>
  </system-out>
  <testcase classname="TestNGPrograms.Day8DPTest" name="FaceBookLogin" time="4.587"/>
  <system-out>
    <![CDATA[Successfully Enter username and password and click on login button]]>
  </system-out>
</testsuite> <!-- TestNGPrograms.Day8DPTest -->
