<?xml version="1.0" encoding="UTF-8"?>
<!-- Generated by org.testng.reporters.JUnitReportReporter -->
<testsuite hostname="DESKTOP-C37CO4J" failures="0" tests="3" name="TestNGPrograms.Day5GroupDependentTest" time="0.018" errors="0" timestamp="2022-12-24T16:41:19 IST" skipped="0">
  <testcase classname="TestNGPrograms.Day5GroupDependentTest" name="signIn" time="0.002"/>
  <system-out/>
  <testcase classname="TestNGPrograms.Day5GroupDependentTest" name="ViewAcc" time="0.001"/>
  <system-out/>
  <testcase classname="TestNGPrograms.Day5GroupDependentTest" name="opneBrowser" time="0.015"/>
  <system-out/>
</testsuite> <!-- TestNGPrograms.Day5GroupDependentTest -->
