<?xml version="1.0" encoding="UTF-8"?>
<!-- Generated by org.testng.reporters.JUnitReportReporter -->
<testsuite hostname="DESKTOP-C37CO4J" failures="0" tests="3" name="TestNGPrograms.Day2AnnotationDemo" time="30.230" errors="0" timestamp="2022-12-23T17:06:21 IST" skipped="0">
  <testcase classname="TestNGPrograms.Day2AnnotationDemo" name="second" time="12.345"/>
  <system-out/>
  <testcase classname="TestNGPrograms.Day2AnnotationDemo" name="first" time="8.591"/>
  <system-out/>
  <testcase classname="TestNGPrograms.Day2AnnotationDemo" name="third" time="9.294"/>
  <system-out/>
</testsuite> <!-- TestNGPrograms.Day2AnnotationDemo -->
