<?xml version="1.0" encoding="UTF-8"?>
<!-- Generated by org.testng.reporters.JUnitReportReporter -->
<testsuite hostname="DESKTOP-C37CO4J" failures="0" tests="3" name="TestNGPrograms.Day7ParametersTest" time="118.087" errors="0" timestamp="2022-12-28T17:09:17 IST" skipped="0">
  <testcase classname="TestNGPrograms.Day7ParametersTest" name="SelectBrowser" time="86.248"/>
  <system-out/>
  <testcase classname="TestNGPrograms.Day7ParametersTest" name="SelectBrowser" time="20.286"/>
  <system-out/>
  <testcase classname="TestNGPrograms.Day7ParametersTest" name="SelectBrowser" time="11.553"/>
  <system-out/>
</testsuite> <!-- TestNGPrograms.Day7ParametersTest -->
