<?xml version="1.0" encoding="UTF-8"?>
<!-- Generated by org.testng.reporters.JUnitReportReporter -->
<testsuite hostname="DESKTOP-C37CO4J" failures="0" tests="4" name="TestNGPrograms.Day4DependsOnTest" time="95.817" errors="0" timestamp="2022-12-23T22:58:03 IST" skipped="1">
  <testcase classname="TestNGPrograms.Day4DependsOnTest" name="clickonElement" time="18.285"/>
  <system-out/>
  <testcase classname="TestNGPrograms.Day4DependsOnTest" name="Starting_point" time="77.510"/>
  <system-out/>
  <testcase classname="TestNGPrograms.Day4DependsOnTest" name="checkTitle" time="0.022"/>
  <system-out/>
  <testcase classname="TestNGPrograms.Day4DependsOnTest" name="insert_data">
    <skipped/>
  </testcase> <!-- insert_data -->
  <system-out/>
</testsuite> <!-- TestNGPrograms.Day4DependsOnTest -->
