<?xml version="1.0" encoding="UTF-8"?>
<!-- Generated by org.testng.reporters.JUnitReportReporter -->
<testsuite hostname="DESKTOP-C37CO4J" failures="0" tests="1" name="TestNGPrograms.Day10FireFoxTest" time="81.085" errors="0" timestamp="2022-12-30T22:30:23 IST" skipped="0">
  <testcase classname="TestNGPrograms.Day10FireFoxTest" name="FireFoxTest" time="81.085"/>
  <system-out/>
</testsuite> <!-- TestNGPrograms.Day10FireFoxTest -->
