<?xml version="1.0" encoding="UTF-8"?>
<!-- Generated by org.testng.reporters.JUnitReportReporter -->
<testsuite hostname="DESKTOP-C37CO4J" failures="0" tests="6" name="TestNGPrograms.Day7Multiply" time="0.036" errors="0" timestamp="2022-12-27T17:05:00 IST" skipped="0">
  <testcase classname="TestNGPrograms.Day7Multiply" name="Mul" time="0.006"/>
  <system-out/>
  <testcase classname="TestNGPrograms.Day7Multiply" name="Div" time="0.005"/>
  <system-out/>
  <testcase classname="TestNGPrograms.Day7Multiply" name="Mul" time="0.002"/>
  <system-out/>
  <testcase classname="TestNGPrograms.Day7Multiply" name="Div" time="0.002"/>
  <system-out/>
  <testcase classname="TestNGPrograms.Day7Multiply" name="Mul" time="0.002"/>
  <system-out/>
  <testcase classname="TestNGPrograms.Day7Multiply" name="Div" time="0.019"/>
  <system-out/>
</testsuite> <!-- TestNGPrograms.Day7Multiply -->
