<?xml version="1.0" encoding="UTF-8"?>
<!-- Generated by org.testng.reporters.JUnitReportReporter -->
<testsuite hostname="DESKTOP-C37CO4J" failures="0" tests="1" name="TestNGPrograms.Day1FirstTest" time="7.419" errors="0" timestamp="2022-12-20T23:56:54 IST" skipped="0">
  <testcase classname="TestNGPrograms.Day1FirstTest" name="Rupali" time="7.419"/>
  <system-out/>
</testsuite> <!-- TestNGPrograms.Day1FirstTest -->
