<?xml version="1.0" encoding="UTF-8"?>
<!-- Generated by org.testng.reporters.JUnitReportReporter -->
<testsuite hostname="DESKTOP-C37CO4J" failures="0" tests="52" name="TestNGPrograms.Day8DataDrivenTest" time="0.894" errors="0" timestamp="2022-12-30T22:02:11 IST" skipped="0">
  <testcase classname="TestNGPrograms.Day8DataDrivenTest" name="diff" time="0.009"/>
  <system-out/>
  <testcase classname="TestNGPrograms.Day8DataDrivenTest" name="div" time="0.002"/>
  <system-out/>
  <testcase classname="TestNGPrograms.Day8DataDrivenTest" name="mul" time="0.007"/>
  <system-out/>
  <testcase classname="TestNGPrograms.Day8DataDrivenTest" name="div" time="0.002"/>
  <system-out/>
  <testcase classname="TestNGPrograms.Day8DataDrivenTest" name="mul" time="0.040"/>
  <system-out/>
  <testcase classname="TestNGPrograms.Day8DataDrivenTest" name="diff" time="0.003"/>
  <system-out/>
  <testcase classname="TestNGPrograms.Day8DataDrivenTest" name="add" time="0.023"/>
  <system-out/>
  <testcase classname="TestNGPrograms.Day8DataDrivenTest" name="div" time="0.001"/>
  <system-out/>
  <testcase classname="TestNGPrograms.Day8DataDrivenTest" name="diff" time="0.019"/>
  <system-out/>
  <testcase classname="TestNGPrograms.Day8DataDrivenTest" name="mul" time="0.056"/>
  <system-out/>
  <testcase classname="TestNGPrograms.Day8DataDrivenTest" name="add" time="0.021"/>
  <system-out/>
  <testcase classname="TestNGPrograms.Day8DataDrivenTest" name="mul" time="0.001"/>
  <system-out/>
  <testcase classname="TestNGPrograms.Day8DataDrivenTest" name="add" time="0.017"/>
  <system-out/>
  <testcase classname="TestNGPrograms.Day8DataDrivenTest" name="div" time="0.003"/>
  <system-out/>
  <testcase classname="TestNGPrograms.Day8DataDrivenTest" name="div" time="0.016"/>
  <system-out/>
  <testcase classname="TestNGPrograms.Day8DataDrivenTest" name="add" time="0.040"/>
  <system-out/>
  <testcase classname="TestNGPrograms.Day8DataDrivenTest" name="diff" time="0.045"/>
  <system-out/>
  <testcase classname="TestNGPrograms.Day8DataDrivenTest" name="div" time="0.002"/>
  <system-out/>
  <testcase classname="TestNGPrograms.Day8DataDrivenTest" name="diff" time="0.003"/>
  <system-out/>
  <testcase classname="TestNGPrograms.Day8DataDrivenTest" name="add" time="0.020"/>
  <system-out/>
  <testcase classname="TestNGPrograms.Day8DataDrivenTest" name="mul" time="0.003"/>
  <system-out/>
  <testcase classname="TestNGPrograms.Day8DataDrivenTest" name="diff" time="0.010"/>
  <system-out/>
  <testcase classname="TestNGPrograms.Day8DataDrivenTest" name="div" time="0.002"/>
  <system-out/>
  <testcase classname="TestNGPrograms.Day8DataDrivenTest" name="add" time="0.018"/>
  <system-out/>
  <testcase classname="TestNGPrograms.Day8DataDrivenTest" name="div" time="0.002"/>
  <system-out/>
  <testcase classname="TestNGPrograms.Day8DataDrivenTest" name="mul" time="0.001"/>
  <system-out/>
  <testcase classname="TestNGPrograms.Day8DataDrivenTest" name="div" time="0.004"/>
  <system-out/>
  <testcase classname="TestNGPrograms.Day8DataDrivenTest" name="add" time="0.021"/>
  <system-out/>
  <testcase classname="TestNGPrograms.Day8DataDrivenTest" name="div" time="0.004"/>
  <system-out/>
  <testcase classname="TestNGPrograms.Day8DataDrivenTest" name="div" time="0.004"/>
  <system-out/>
  <testcase classname="TestNGPrograms.Day8DataDrivenTest" name="add" time="0.027"/>
  <system-out/>
  <testcase classname="TestNGPrograms.Day8DataDrivenTest" name="diff" time="0.003"/>
  <system-out/>
  <testcase classname="TestNGPrograms.Day8DataDrivenTest" name="add" time="0.035"/>
  <system-out/>
  <testcase classname="TestNGPrograms.Day8DataDrivenTest" name="div" time="0.032"/>
  <system-out/>
  <testcase classname="TestNGPrograms.Day8DataDrivenTest" name="div" time="0.019"/>
  <system-out/>
  <testcase classname="TestNGPrograms.Day8DataDrivenTest" name="add" time="0.017"/>
  <system-out/>
  <testcase classname="TestNGPrograms.Day8DataDrivenTest" name="diff" time="0.050"/>
  <system-out/>
  <testcase classname="TestNGPrograms.Day8DataDrivenTest" name="diff" time="0.017"/>
  <system-out/>
  <testcase classname="TestNGPrograms.Day8DataDrivenTest" name="mul" time="0.001"/>
  <system-out/>
  <testcase classname="TestNGPrograms.Day8DataDrivenTest" name="mul" time="0.051"/>
  <system-out/>
  <testcase classname="TestNGPrograms.Day8DataDrivenTest" name="mul" time="0.002"/>
  <system-out/>
  <testcase classname="TestNGPrograms.Day8DataDrivenTest" name="diff" time="0.014"/>
  <system-out/>
  <testcase classname="TestNGPrograms.Day8DataDrivenTest" name="mul" time="0.065"/>
  <system-out/>
  <testcase classname="TestNGPrograms.Day8DataDrivenTest" name="mul" time="0.001"/>
  <system-out/>
  <testcase classname="TestNGPrograms.Day8DataDrivenTest" name="diff" time="0.055"/>
  <system-out/>
  <testcase classname="TestNGPrograms.Day8DataDrivenTest" name="add" time="0.034"/>
  <system-out/>
  <testcase classname="TestNGPrograms.Day8DataDrivenTest" name="add" time="0.022"/>
  <system-out/>
  <testcase classname="TestNGPrograms.Day8DataDrivenTest" name="diff" time="0.004"/>
  <system-out/>
  <testcase classname="TestNGPrograms.Day8DataDrivenTest" name="diff" time="0.002"/>
  <system-out/>
  <testcase classname="TestNGPrograms.Day8DataDrivenTest" name="mul" time="0.002"/>
  <system-out/>
  <testcase classname="TestNGPrograms.Day8DataDrivenTest" name="add" time="0.039"/>
  <system-out/>
  <testcase classname="TestNGPrograms.Day8DataDrivenTest" name="mul" time="0.003"/>
  <system-out/>
</testsuite> <!-- TestNGPrograms.Day8DataDrivenTest -->
