<?xml version="1.0" encoding="UTF-8"?>
<!-- Generated by org.testng.reporters.JUnitReportReporter -->
<testsuite hostname="DESKTOP-C37CO4J" failures="0" tests="2" name="TestNGPrograms.Day2AnnotationTest" time="0.016" errors="0" timestamp="2022-12-21T23:30:49 IST" skipped="0">
  <testcase classname="TestNGPrograms.Day2AnnotationTest" name="f" time="0.014"/>
  <system-out/>
  <testcase classname="TestNGPrograms.Day2AnnotationTest" name="s" time="0.002"/>
  <system-out/>
</testsuite> <!-- TestNGPrograms.Day2AnnotationTest -->
