<?xml version="1.0" encoding="UTF-8"?>
<!-- Generated by org.testng.reporters.JUnitReportReporter -->
<testsuite hostname="DESKTOP-C37CO4J" failures="0" tests="2" name="TestNGPrograms.Day8datapTest" time="0.020" errors="0" timestamp="2022-12-28T22:00:44 IST" skipped="0">
  <testcase classname="TestNGPrograms.Day8datapTest" name="f" time="0.018"/>
  <system-out/>
  <testcase classname="TestNGPrograms.Day8datapTest" name="f" time="0.002"/>
  <system-out/>
</testsuite> <!-- TestNGPrograms.Day8datapTest -->
