<?xml version="1.0" encoding="UTF-8"?>
<!-- Generated by org.testng.reporters.JUnitReportReporter -->
<testsuite hostname="DESKTOP-C37CO4J" failures="0" tests="1" name="TestNGPrograms.Day13ReadDatafromExcel" time="1.052" errors="0" timestamp="2023-01-03T16:34:12 IST" skipped="0">
  <testcase classname="TestNGPrograms.Day13ReadDatafromExcel" name="ReadExcel" time="1.052"/>
  <system-out/>
</testsuite> <!-- TestNGPrograms.Day13ReadDatafromExcel -->
