<?xml version="1.0" encoding="UTF-8"?>
<!-- Generated by org.testng.reporters.JUnitReportReporter -->
<testsuite hostname="DESKTOP-C37CO4J" failures="0" tests="4" name="TestNGPrograms.Day5GroupDependency" time="0.026" errors="0" timestamp="2022-12-25T22:09:17 IST" skipped="0">
  <testcase classname="TestNGPrograms.Day5GroupDependency" name="CloseAccount" time="0.003"/>
  <system-out/>
  <testcase classname="TestNGPrograms.Day5GroupDependency" name="ViewAcc" time="0.001"/>
  <system-out/>
  <testcase classname="TestNGPrograms.Day5GroupDependency" name="OpenBrowser" time="0.016"/>
  <system-out/>
  <testcase classname="TestNGPrograms.Day5GroupDependency" name="LogIn" time="0.006"/>
  <system-out/>
</testsuite> <!-- TestNGPrograms.Day5GroupDependency -->
