<?xml version="1.0" encoding="UTF-8"?>
<!-- Generated by org.testng.reporters.JUnitReportReporter -->
<testsuite hostname="DESKTOP-C37CO4J" failures="0" tests="4" name="TestNGPrograms.Day3groupTest" time="16.798" errors="0" timestamp="2022-12-23T17:04:43 IST" skipped="0">
  <testcase classname="TestNGPrograms.Day3groupTest" name="clickonElement" time="2.481"/>
  <system-out/>
  <testcase classname="TestNGPrograms.Day3groupTest" name="String_point" time="12.356"/>
  <system-out/>
  <testcase classname="TestNGPrograms.Day3groupTest" name="checkTitle" time="0.044"/>
  <system-out/>
  <testcase classname="TestNGPrograms.Day3groupTest" name="insert_data" time="1.917"/>
  <system-out/>
</testsuite> <!-- TestNGPrograms.Day3groupTest -->
