<?xml version="1.0" encoding="UTF-8"?>
<!-- Generated by org.testng.reporters.JUnitReportReporter -->
<testsuite hostname="DESKTOP-C37CO4J" failures="0" tests="3" name="TestNGPrograms.Day5MultipleDependentTest" time="0.021" errors="0" timestamp="2022-12-25T22:19:30 IST" skipped="0">
  <testcase classname="TestNGPrograms.Day5MultipleDependentTest" name="LogOut" time="0.002"/>
  <system-out/>
  <testcase classname="TestNGPrograms.Day5MultipleDependentTest" name="OpenBrowser" time="0.016"/>
  <system-out/>
  <testcase classname="TestNGPrograms.Day5MultipleDependentTest" name="SignIn" time="0.003"/>
  <system-out/>
</testsuite> <!-- TestNGPrograms.Day5MultipleDependentTest -->
