<?xml version="1.0" encoding="UTF-8"?>
<!-- Generated by org.testng.reporters.JUnitReportReporter -->
<testsuite hostname="DESKTOP-C37CO4J" failures="0" tests="1" name="TestNGPrograms.Day5BaseTest" time="1.120" errors="0" timestamp="2022-12-25T22:32:28 IST" skipped="0">
  <testcase classname="TestNGPrograms.Day5BaseTest" name="openBrowser" time="1.120"/>
  <system-out/>
</testsuite> <!-- TestNGPrograms.Day5BaseTest -->
