<?xml version="1.0" encoding="UTF-8"?>
<!-- Generated by org.testng.reporters.JUnitReportReporter -->
<testsuite hostname="DESKTOP-C37CO4J" failures="0" tests="2" name="TestNGPrograms.Day1first" time="0.020" errors="0" timestamp="2022-12-20T23:44:55 IST" skipped="0">
  <testcase classname="TestNGPrograms.Day1first" name="secondtest" time="0.003"/>
  <system-out/>
  <testcase classname="TestNGPrograms.Day1first" name="firsttest" time="0.017"/>
  <system-out/>
</testsuite> <!-- TestNGPrograms.Day1first -->
