<?xml version="1.0" encoding="UTF-8"?>
<!-- Generated by org.testng.reporters.JUnitReportReporter -->
<testsuite hostname="DESKTOP-C37CO4J" failures="0" tests="2" name="TestNGPrograms.HobTest" time="14.886" errors="0" timestamp="2022-12-29T08:23:20 IST" skipped="0">
  <testcase classname="TestNGPrograms.HobTest" name="HobbySignUp" time="3.822"/>
  <system-out/>
  <testcase classname="TestNGPrograms.HobTest" name="HobbySignUp" time="11.064"/>
  <system-out/>
</testsuite> <!-- TestNGPrograms.HobTest -->
