<?xml version="1.0" encoding="UTF-8"?>
<!-- Generated by org.testng.reporters.JUnitReportReporter -->
<testsuite hostname="DESKTOP-C37CO4J" failures="0" tests="2" name="TestNGPrograms.Day7optionalTest" time="0.023" errors="0" timestamp="2022-12-27T17:19:42 IST" skipped="0">
  <testcase classname="TestNGPrograms.Day7optionalTest" name="OP" time="0.014"/>
  <system-out/>
  <testcase classname="TestNGPrograms.Day7optionalTest" name="OP1" time="0.009"/>
  <system-out/>
</testsuite> <!-- TestNGPrograms.Day7optionalTest -->
