<?xml version="1.0" encoding="UTF-8"?>
<!-- Generated by org.testng.reporters.JUnitReportReporter -->
<testsuite hostname="DESKTOP-C37CO4J" failures="0" tests="4" name="TestNGPrograms.Day4priorityTest" time="190.046" errors="0" timestamp="2022-12-23T22:53:02 IST" skipped="0">
  <testcase classname="TestNGPrograms.Day4priorityTest" name="Starting_point" time="94.301"/>
  <system-out/>
  <testcase classname="TestNGPrograms.Day4priorityTest" name="checkTitle" time="0.022"/>
  <system-out/>
  <testcase classname="TestNGPrograms.Day4priorityTest" name="clickonElement" time="86.171"/>
  <system-out/>
  <testcase classname="TestNGPrograms.Day4priorityTest" name="insert_data" time="9.552"/>
  <system-out/>
</testsuite> <!-- TestNGPrograms.Day4priorityTest -->
