<?xml version="1.0" encoding="UTF-8"?>
<!-- Generated by org.testng.reporters.JUnitReportReporter -->
<testsuite hostname="DESKTOP-C37CO4J" failures="0" tests="1" name="TestNGPrograms.Day2NewTest1" time="8.378" errors="0" timestamp="2022-12-21T23:19:53 IST" skipped="0">
  <testcase classname="TestNGPrograms.Day2NewTest1" name="launchBrowser" time="8.378"/>
  <system-out/>
</testsuite> <!-- TestNGPrograms.Day2NewTest1 -->
