<?xml version="1.0" encoding="UTF-8"?>
<!-- Generated by org.testng.reporters.JUnitReportReporter -->
<testsuite hostname="DESKTOP-C37CO4J" failures="0" tests="1" name="TestNGPrograms.Day1SecondTest" time="15.468" errors="0" timestamp="2022-12-21T06:41:43 IST" skipped="0">
  <testcase classname="TestNGPrograms.Day1SecondTest" name="Secondtest" time="15.468"/>
  <system-out/>
</testsuite> <!-- TestNGPrograms.Day1SecondTest -->
