<?xml version="1.0" encoding="UTF-8"?>
<!-- Generated by org.testng.reporters.JUnitReportReporter -->
<testsuite hostname="DESKTOP-C37CO4J" failures="0" tests="3" name="TestNGPrograms.Day9ParallelTest" time="202.125" errors="0" timestamp="2023-01-02T23:17:46 IST" skipped="0">
  <testcase classname="TestNGPrograms.Day9ParallelTest" name="EdgeTest" time="65.587"/>
  <system-out/>
  <testcase classname="TestNGPrograms.Day9ParallelTest" name="FireFoxTest" time="61.180"/>
  <system-out/>
  <testcase classname="TestNGPrograms.Day9ParallelTest" name="ChromeTest" time="75.358"/>
  <system-out/>
</testsuite> <!-- TestNGPrograms.Day9ParallelTest -->
